!SESSION 2023-08-17 01:05:28.363 -----------------------------------------------
eclipse.buildId=unknown
java.version=1.8.0_382
java.vendor=Private Build
BootLoader constants: OS=linux, ARCH=x86_64, WS=gtk, NL=en_IN

!ENTRY org.eclipse.osgi 4 0 2023-08-17 01:05:28.392
!MESSAGE error loading hook: org.eclipse.virgo.kernel.equinox.extensions.hooks.ExtensionsHookConfigurator
!STACK 0
java.lang.ClassNotFoundException: org.eclipse.virgo.kernel.equinox.extensions.hooks.ExtensionsHookConfigurator
	at java.net.URLClassLoader.findClass(URLClassLoader.java:387)
	at java.lang.ClassLoader.loadClass(ClassLoader.java:418)
	at java.lang.ClassLoader.loadClass(ClassLoader.java:351)
	at java.lang.Class.forName0(Native Method)
	at java.lang.Class.forName(Class.java:264)
	at org.eclipse.osgi.internal.hookregistry.HookRegistry.loadConfigurators(HookRegistry.java:185)
	at org.eclipse.osgi.internal.hookregistry.HookRegistry.initialize(HookRegistry.java:106)
	at org.eclipse.osgi.internal.framework.EquinoxContainer.<init>(EquinoxContainer.java:73)
	at org.eclipse.osgi.launch.Equinox.<init>(Equinox.java:31)
	at org.eclipse.osgi.launch.EquinoxFactory.newFramework(EquinoxFactory.java:24)
	at org.apache.karaf.main.Main.launch(Main.java:255)
	at org.apache.karaf.main.Main.main(Main.java:177)
