autorelease f79b569b3e5fcc675d1f3304ea3e26e0bfb31b9d Nitrogen
aaa f79b569b3e5fcc675d1f3304ea3e26e0bfb31b9d Nitrogen
alto f79b569b3e5fcc675d1f3304ea3e26e0bfb31b9d Nitrogen
bgpcep f79b569b3e5fcc675d1f3304ea3e26e0bfb31b9d Nitrogen
bier f79b569b3e5fcc675d1f3304ea3e26e0bfb31b9d Nitrogen
cardinal f79b569b3e5fcc675d1f3304ea3e26e0bfb31b9d Nitrogen
coe f79b569b3e5fcc675d1f3304ea3e26e0bfb31b9d Nitrogen
controller f79b569b3e5fcc675d1f3304ea3e26e0bfb31b9d Nitrogen
daexim f79b569b3e5fcc675d1f3304ea3e26e0bfb31b9d Nitrogen
dlux f79b569b3e5fcc675d1f3304ea3e26e0bfb31b9d Nitrogen
dluxapps f79b569b3e5fcc675d1f3304ea3e26e0bfb31b9d Nitrogen
eman f79b569b3e5fcc675d1f3304ea3e26e0bfb31b9d Nitrogen
faas f79b569b3e5fcc675d1f3304ea3e26e0bfb31b9d Nitrogen
genius f79b569b3e5fcc675d1f3304ea3e26e0bfb31b9d Nitrogen
groupbasedpolicy f79b569b3e5fcc675d1f3304ea3e26e0bfb31b9d Nitrogen
honeycomb/vbd f79b569b3e5fcc675d1f3304ea3e26e0bfb31b9d Nitrogen
infrautils f79b569b3e5fcc675d1f3304ea3e26e0bfb31b9d Nitrogen
integration/distribution f79b569b3e5fcc675d1f3304ea3e26e0bfb31b9d Nitrogen
l2switch f79b569b3e5fcc675d1f3304ea3e26e0bfb31b9d Nitrogen
lispflowmapping f79b569b3e5fcc675d1f3304ea3e26e0bfb31b9d Nitrogen
mdsal f79b569b3e5fcc675d1f3304ea3e26e0bfb31b9d Nitrogen
nemo f79b569b3e5fcc675d1f3304ea3e26e0bfb31b9d Nitrogen
netconf f79b569b3e5fcc675d1f3304ea3e26e0bfb31b9d Nitrogen
netvirt f79b569b3e5fcc675d1f3304ea3e26e0bfb31b9d Nitrogen
neutron f79b569b3e5fcc675d1f3304ea3e26e0bfb31b9d Nitrogen
nic f79b569b3e5fcc675d1f3304ea3e26e0bfb31b9d Nitrogen
ocpplugin f79b569b3e5fcc675d1f3304ea3e26e0bfb31b9d Nitrogen
of-config f79b569b3e5fcc675d1f3304ea3e26e0bfb31b9d Nitrogen
openflowplugin f79b569b3e5fcc675d1f3304ea3e26e0bfb31b9d Nitrogen
ovsdb f79b569b3e5fcc675d1f3304ea3e26e0bfb31b9d Nitrogen
packetcable f79b569b3e5fcc675d1f3304ea3e26e0bfb31b9d Nitrogen
sfc f79b569b3e5fcc675d1f3304ea3e26e0bfb31b9d Nitrogen
snmp f79b569b3e5fcc675d1f3304ea3e26e0bfb31b9d Nitrogen
snmp4sdn f79b569b3e5fcc675d1f3304ea3e26e0bfb31b9d Nitrogen
sxp f79b569b3e5fcc675d1f3304ea3e26e0bfb31b9d Nitrogen
topoprocessing f79b569b3e5fcc675d1f3304ea3e26e0bfb31b9d Nitrogen
ttp f79b569b3e5fcc675d1f3304ea3e26e0bfb31b9d Nitrogen
unimgr f79b569b3e5fcc675d1f3304ea3e26e0bfb31b9d Nitrogen
usc f79b569b3e5fcc675d1f3304ea3e26e0bfb31b9d Nitrogen
vtn f79b569b3e5fcc675d1f3304ea3e26e0bfb31b9d Nitrogen
yangtools f79b569b3e5fcc675d1f3304ea3e26e0bfb31b9d Nitrogen
